<?xml version="1.0" encoding="UTF-8"?>
<testsuite name="org.desafioconcrete.persistence.service.PerfilIntegrationTest" tests="2" skipped="0" failures="0" errors="0" timestamp="2017-03-24T21:44:49" hostname="Rubens-PC" time="0.013">
  <properties/>
  <testcase name="tokenNotFound" classname="org.desafioconcrete.persistence.service.PerfilIntegrationTest" time="0.005"/>
  <testcase name="tokenInvalid" classname="org.desafioconcrete.persistence.service.PerfilIntegrationTest" time="0.007"/>
  <system-out><![CDATA[]]></system-out>
  <system-err><![CDATA[]]></system-err>
</testsuite>
