<?xml version="1.0" encoding="UTF-8"?>
<testsuite name="org.desafioconcrete.test.PerfilIntegrationTest" tests="2" skipped="0" failures="0" errors="0" timestamp="2017-03-26T03:15:41" hostname="Rubens-PC" time="0.012">
  <properties/>
  <testcase name="tokenNotFound" classname="org.desafioconcrete.test.PerfilIntegrationTest" time="0.003"/>
  <testcase name="tokenInvalid" classname="org.desafioconcrete.test.PerfilIntegrationTest" time="0.009"/>
  <system-out><![CDATA[]]></system-out>
  <system-err><![CDATA[]]></system-err>
</testsuite>
