<?xml version="1.0" encoding="UTF-8"?>
<testsuite name="org.desafioconcrete.persistence.service.LoginIntegrationTest" tests="3" skipped="0" failures="0" errors="0" timestamp="2017-03-24T21:44:49" hostname="Rubens-PC" time="0.029">
  <properties/>
  <testcase name="create" classname="org.desafioconcrete.persistence.service.LoginIntegrationTest" time="0.023"/>
  <testcase name="errorPassword" classname="org.desafioconcrete.persistence.service.LoginIntegrationTest" time="0.002"/>
  <testcase name="findUserByEmail" classname="org.desafioconcrete.persistence.service.LoginIntegrationTest" time="0.003"/>
  <system-out><![CDATA[]]></system-out>
  <system-err><![CDATA[]]></system-err>
</testsuite>
