<?xml version="1.0" encoding="UTF-8"?>
<testsuite name="org.desafioconcrete.test.LoginIntegrationTest" tests="2" skipped="0" failures="0" errors="0" timestamp="2017-03-26T03:15:41" hostname="Rubens-PC" time="0.011">
  <properties/>
  <testcase name="errorPassword" classname="org.desafioconcrete.test.LoginIntegrationTest" time="0.007"/>
  <testcase name="findUserByEmail" classname="org.desafioconcrete.test.LoginIntegrationTest" time="0.003"/>
  <system-out><![CDATA[]]></system-out>
  <system-err><![CDATA[]]></system-err>
</testsuite>
